# JRE version: Java(TM) SE Runtime Environment (22.0.1+8) (build 22.0.1+8-16)
# Java VM: Java HotSpot(TM) 64-Bit Server VM (22.0.1+8-16, mixed mode, sharing, tiered, compressed oops, compressed class ptrs, g1 gc, bsd-aarch64)
GC Precious Log:
 CardTable entry size: 512
 Card Set container configuration: InlinePtr #cards 4 size 8 Array Of Cards #cards 16 size 48 Howl #buckets 8 coarsen threshold 3686 Howl Bitmap #cards 512 size 80 coarsen threshold 460 Card regions per heap region 1 cards per card region 4096
 CPUs: 10 total, 10 available
 Memory: 16384M
 Large Page Support: Disabled
 NUMA Support: Disabled
 Compressed Oops: Enabled (Zero based)
 Heap Region Size: 2M
 Heap Min Capacity: 8M
 Heap Initial Capacity: 256M
 Heap Max Capacity: 4G
 Pre-touch: Disabled
 Parallel Workers: 9
 Concurrent Workers: 2
 Concurrent Refinement Workers: 9
 Periodic GC: Disabled
Heap:
 garbage-first heap   total reserved 4194304K, committed 49152K, used 13019K [0x0000000700000000, 0x0000000800000000)
  region size 2048K, 1 young (2048K), 0 survivors (0K)
 Metaspace       used 13365K, committed 13568K, reserved 1114112K
  class space    used 1331K, committed 1408K, reserved 1048576K
GC Heap History (20 events):
Event: 1.272 GC heap before
{Heap before GC invocations=28 (full 11):
 garbage-first heap   total reserved 4194304K, committed 69632K, used 40562K [0x0000000700000000, 0x0000000800000000)
  region size 2048K, 8 young (16384K), 1 survivors (2048K)
 Metaspace       used 12462K, committed 12736K, reserved 1114112K
  class space    used 1232K, committed 1344K, reserved 1048576K
}
Event: 1.273 GC heap after
{Heap after GC invocations=29 (full 11):
 garbage-first heap   total reserved 4194304K, committed 69632K, used 23919K [0x0000000700000000, 0x0000000800000000)
  region size 2048K, 2 young (4096K), 2 survivors (4096K)
 Metaspace       used 12462K, committed 12736K, reserved 1114112K
  class space    used 1232K, committed 1344K, reserved 1048576K
}
Event: 1.328 GC heap before
{Heap before GC invocations=29 (full 11):
 garbage-first heap   total reserved 4194304K, committed 69632K, used 58735K [0x0000000700000000, 0x0000000800000000)
  region size 2048K, 17 young (34816K), 2 survivors (4096K)
 Metaspace       used 12468K, committed 12736K, reserved 1114112K
  class space    used 1232K, committed 1344K, reserved 1048576K
}
Event: 1.329 GC heap after
{Heap after GC invocations=30 (full 11):
 garbage-first heap   total reserved 4194304K, committed 69632K, used 23616K [0x0000000700000000, 0x0000000800000000)
  region size 2048K, 1 young (2048K), 1 survivors (2048K)
 Metaspace       used 12468K, committed 12736K, reserved 1114112K
  class space    used 1232K, committed 1344K, reserved 1048576K
}
Event: 1.353 GC heap before
{Heap before GC invocations=30 (full 11):
 garbage-first heap   total reserved 4194304K, committed 69632K, used 56384K [0x0000000700000000, 0x0000000800000000)
  region size 2048K, 17 young (34816K), 1 survivors (2048K)
 Metaspace       used 12468K, committed 12736K, reserved 1114112K
  class space    used 1232K, committed 1344K, reserved 1048576K
}
Event: 1.354 GC heap after
{Heap after GC invocations=31 (full 11):
 garbage-first heap   total reserved 4194304K, committed 69632K, used 23582K [0x0000000700000000, 0x0000000800000000)
  region size 2048K, 1 young (2048K), 1 survivors (2048K)
 Metaspace       used 12468K, committed 12736K, reserved 1114112K
  class space    used 1232K, committed 1344K, reserved 1048576K
}
Event: 1.370 GC heap before
{Heap before GC invocations=31 (full 11):
 garbage-first heap   total reserved 4194304K, committed 69632K, used 33822K [0x0000000700000000, 0x0000000800000000)
  region size 2048K, 5 young (10240K), 1 survivors (2048K)
 Metaspace       used 12532K, committed 12800K, reserved 1114112K
  class space    used 1236K, committed 1344K, reserved 1048576K
}
Event: 1.371 GC heap after
{Heap after GC invocations=32 (full 11):
 garbage-first heap   total reserved 4194304K, committed 139264K, used 28539K [0x0000000700000000, 0x0000000800000000)
  region size 2048K, 1 young (2048K), 1 survivors (2048K)
 Metaspace       used 12532K, committed 12800K, reserved 1114112K
  class space    used 1236K, committed 1344K, reserved 1048576K
}
Event: 1.426 GC heap before
{Heap before GC invocations=32 (full 11):
 garbage-first heap   total reserved 4194304K, committed 139264K, used 69499K [0x0000000700000000, 0x0000000800000000)
  region size 2048K, 18 young (36864K), 1 survivors (2048K)
 Metaspace       used 12532K, committed 12800K, reserved 1114112K
  class space    used 1236K, committed 1344K, reserved 1048576K
}
Event: 1.434 GC heap after
{Heap after GC invocations=33 (full 12):
 garbage-first heap   total reserved 4194304K, committed 102400K, used 26201K [0x0000000700000000, 0x0000000800000000)
  region size 2048K, 0 young (0K), 0 survivors (0K)
 Metaspace       used 12532K, committed 12800K, reserved 1114112K
  class space    used 1236K, committed 1344K, reserved 1048576K
}
Event: 1.465 GC heap before
{Heap before GC invocations=33 (full 12):
 garbage-first heap   total reserved 4194304K, committed 102400K, used 52825K [0x0000000700000000, 0x0000000800000000)
  region size 2048K, 14 young (28672K), 0 survivors (0K)
 Metaspace       used 12560K, committed 12800K, reserved 1114112K
  class space    used 1237K, committed 1344K, reserved 1048576K
}
Event: 1.476 GC heap after
{Heap after GC invocations=34 (full 13):
 garbage-first heap   total reserved 4194304K, committed 75776K, used 20531K [0x0000000700000000, 0x0000000800000000)
  region size 2048K, 0 young (0K), 0 survivors (0K)
 Metaspace       used 12560K, committed 12800K, reserved 1114112K
  class space    used 1237K, committed 1344K, reserved 1048576K
}
Event: 1.521 GC heap before
{Heap before GC invocations=34 (full 13):
 garbage-first heap   total reserved 4194304K, committed 75776K, used 67635K [0x0000000700000000, 0x0000000800000000)
  region size 2048K, 22 young (45056K), 0 survivors (0K)
 Metaspace       used 12664K, committed 12928K, reserved 1114112K
  class space    used 1244K, committed 1344K, reserved 1048576K
}
Event: 1.522 GC heap after
{Heap after GC invocations=35 (full 13):
 garbage-first heap   total reserved 4194304K, committed 75776K, used 23224K [0x0000000700000000, 0x0000000800000000)
  region size 2048K, 1 young (2048K), 1 survivors (2048K)
 Metaspace       used 12664K, committed 12928K, reserved 1114112K
  class space    used 1244K, committed 1344K, reserved 1048576K
}
Event: 1.545 GC heap before
{Heap before GC invocations=35 (full 13):
 garbage-first heap   total reserved 4194304K, committed 75776K, used 66232K [0x0000000700000000, 0x0000000800000000)
  region size 2048K, 21 young (43008K), 1 survivors (2048K)
 Metaspace       used 12667K, committed 12928K, reserved 1114112K
  class space    used 1244K, committed 1344K, reserved 1048576K
}
Event: 1.546 GC heap after
{Heap after GC invocations=36 (full 13):
 garbage-first heap   total reserved 4194304K, committed 75776K, used 25791K [0x0000000700000000, 0x0000000800000000)
  region size 2048K, 1 young (2048K), 1 survivors (2048K)
 Metaspace       used 12667K, committed 12928K, reserved 1114112K
  class space    used 1244K, committed 1344K, reserved 1048576K
}
Event: 2.683 GC heap before
{Heap before GC invocations=36 (full 13):
 garbage-first heap   total reserved 4194304K, committed 75776K, used 54463K [0x0000000700000000, 0x0000000800000000)
  region size 2048K, 16 young (32768K), 1 survivors (2048K)
 Metaspace       used 13327K, committed 13504K, reserved 1114112K
  class space    used 1327K, committed 1408K, reserved 1048576K
}
Event: 2.695 GC heap after
{Heap after GC invocations=37 (full 14):
 garbage-first heap   total reserved 4194304K, committed 55296K, used 14643K [0x0000000700000000, 0x0000000800000000)
  region size 2048K, 0 young (0K), 0 survivors (0K)
 Metaspace       used 13327K, committed 13504K, reserved 1114112K
  class space    used 1327K, committed 1408K, reserved 1048576K
}
Event: 2.697 GC heap before
{Heap before GC invocations=37 (full 14):
 garbage-first heap   total reserved 4194304K, committed 55296K, used 14643K [0x0000000700000000, 0x0000000800000000)
  region size 2048K, 1 young (2048K), 0 survivors (0K)
 Metaspace       used 13327K, committed 13504K, reserved 1114112K
  class space    used 1327K, committed 1408K, reserved 1048576K
}
Event: 2.708 GC heap after
{Heap after GC invocations=38 (full 15):
 garbage-first heap   total reserved 4194304K, committed 49152K, used 13019K [0x0000000700000000, 0x0000000800000000)
  region size 2048K, 0 young (0K), 0 survivors (0K)
 Metaspace       used 13327K, committed 13504K, reserved 1114112K
  class space    used 1327K, committed 1408K, reserved 1048576K
}

