# JRE version: Java(TM) SE Runtime Environment (22.0.1+8) (build 22.0.1+8-16)
# Java VM: Java HotSpot(TM) 64-Bit Server VM (22.0.1+8-16, mixed mode, sharing, tiered, compressed oops, compressed class ptrs, g1 gc, bsd-aarch64)
GC Precious Log:
 CardTable entry size: 512
 Card Set container configuration: InlinePtr #cards 4 size 8 Array Of Cards #cards 16 size 48 Howl #buckets 8 coarsen threshold 3686 Howl Bitmap #cards 512 size 80 coarsen threshold 460 Card regions per heap region 1 cards per card region 4096
 CPUs: 10 total, 10 available
 Memory: 16384M
 Large Page Support: Disabled
 NUMA Support: Disabled
 Compressed Oops: Enabled (Zero based)
 Heap Region Size: 2M
 Heap Min Capacity: 8M
 Heap Initial Capacity: 256M
 Heap Max Capacity: 4G
 Pre-touch: Disabled
 Parallel Workers: 9
 Concurrent Workers: 2
 Concurrent Refinement Workers: 9
 Periodic GC: Disabled
Heap:
 garbage-first heap   total reserved 4194304K, committed 61440K, used 16833K [0x0000000700000000, 0x0000000800000000)
  region size 2048K, 2 young (4096K), 0 survivors (0K)
 Metaspace       used 13355K, committed 13568K, reserved 1114112K
  class space    used 1331K, committed 1408K, reserved 1048576K
GC Heap History (20 events):
Event: 0.287 GC heap before
{Heap before GC invocations=5 (full 1):
 garbage-first heap   total reserved 4194304K, committed 28672K, used 8955K [0x0000000700000000, 0x0000000800000000)
  region size 2048K, 3 young (6144K), 1 survivors (2048K)
 Metaspace       used 3424K, committed 3648K, reserved 1114112K
  class space    used 376K, committed 512K, reserved 1048576K
}
Event: 0.298 GC heap after
{Heap after GC invocations=6 (full 2):
 garbage-first heap   total reserved 4194304K, committed 28672K, used 7077K [0x0000000700000000, 0x0000000800000000)
  region size 2048K, 0 young (0K), 0 survivors (0K)
 Metaspace       used 3424K, committed 3648K, reserved 1114112K
  class space    used 376K, committed 512K, reserved 1048576K
}
Event: 0.341 GC heap before
{Heap before GC invocations=6 (full 2):
 garbage-first heap   total reserved 4194304K, committed 28672K, used 7077K [0x0000000700000000, 0x0000000800000000)
  region size 2048K, 1 young (2048K), 0 survivors (0K)
 Metaspace       used 3429K, committed 3648K, reserved 1114112K
  class space    used 377K, committed 512K, reserved 1048576K
}
Event: 0.349 GC heap after
{Heap after GC invocations=7 (full 3):
 garbage-first heap   total reserved 4194304K, committed 28672K, used 7082K [0x0000000700000000, 0x0000000800000000)
  region size 2048K, 0 young (0K), 0 survivors (0K)
 Metaspace       used 3429K, committed 3648K, reserved 1114112K
  class space    used 377K, committed 512K, reserved 1048576K
}
Event: 0.544 GC heap before
{Heap before GC invocations=7 (full 3):
 garbage-first heap   total reserved 4194304K, committed 28672K, used 21418K [0x0000000700000000, 0x0000000800000000)
  region size 2048K, 7 young (14336K), 0 survivors (0K)
 Metaspace       used 7242K, committed 7488K, reserved 1114112K
  class space    used 760K, committed 896K, reserved 1048576K
}
Event: 0.547 GC heap after
{Heap after GC invocations=8 (full 3):
 garbage-first heap   total reserved 4194304K, committed 145408K, used 12879K [0x0000000700000000, 0x0000000800000000)
  region size 2048K, 1 young (2048K), 1 survivors (2048K)
 Metaspace       used 7242K, committed 7488K, reserved 1114112K
  class space    used 760K, committed 896K, reserved 1048576K
}
Event: 0.810 GC heap before
{Heap before GC invocations=8 (full 3):
 garbage-first heap   total reserved 4194304K, committed 145408K, used 59983K [0x0000000700000000, 0x0000000800000000)
  region size 2048K, 23 young (47104K), 1 survivors (2048K)
 Metaspace       used 10867K, committed 11136K, reserved 1114112K
  class space    used 1080K, committed 1216K, reserved 1048576K
}
Event: 0.812 GC heap after
{Heap after GC invocations=9 (full 3):
 garbage-first heap   total reserved 4194304K, committed 145408K, used 17763K [0x0000000700000000, 0x0000000800000000)
  region size 2048K, 3 young (6144K), 3 survivors (6144K)
 Metaspace       used 10867K, committed 11136K, reserved 1114112K
  class space    used 1080K, committed 1216K, reserved 1048576K
}
Event: 0.878 GC heap before
{Heap before GC invocations=9 (full 3):
 garbage-first heap   total reserved 4194304K, committed 145408K, used 99683K [0x0000000700000000, 0x0000000800000000)
  region size 2048K, 42 young (86016K), 3 survivors (6144K)
 Metaspace       used 10930K, committed 11200K, reserved 1114112K
  class space    used 1082K, committed 1216K, reserved 1048576K
}
Event: 0.880 GC heap after
{Heap after GC invocations=10 (full 3):
 garbage-first heap   total reserved 4194304K, committed 145408K, used 20569K [0x0000000700000000, 0x0000000800000000)
  region size 2048K, 3 young (6144K), 3 survivors (6144K)
 Metaspace       used 10930K, committed 11200K, reserved 1114112K
  class space    used 1082K, committed 1216K, reserved 1048576K
}
Event: 0.989 GC heap before
{Heap before GC invocations=10 (full 3):
 garbage-first heap   total reserved 4194304K, committed 145408K, used 102489K [0x0000000700000000, 0x0000000800000000)
  region size 2048K, 42 young (86016K), 3 survivors (6144K)
 Metaspace       used 12367K, committed 12672K, reserved 1114112K
  class space    used 1231K, committed 1344K, reserved 1048576K
}
Event: 0.992 GC heap after
{Heap after GC invocations=11 (full 3):
 garbage-first heap   total reserved 4194304K, committed 145408K, used 20861K [0x0000000700000000, 0x0000000800000000)
  region size 2048K, 3 young (6144K), 3 survivors (6144K)
 Metaspace       used 12367K, committed 12672K, reserved 1114112K
  class space    used 1231K, committed 1344K, reserved 1048576K
}
Event: 1.122 GC heap before
{Heap before GC invocations=11 (full 3):
 garbage-first heap   total reserved 4194304K, committed 145408K, used 115069K [0x0000000700000000, 0x0000000800000000)
  region size 2048K, 42 young (86016K), 3 survivors (6144K)
 Metaspace       used 12487K, committed 12736K, reserved 1114112K
  class space    used 1233K, committed 1344K, reserved 1048576K
}
Event: 1.125 GC heap after
{Heap after GC invocations=12 (full 3):
 garbage-first heap   total reserved 4194304K, committed 145408K, used 27605K [0x0000000700000000, 0x0000000800000000)
  region size 2048K, 4 young (8192K), 4 survivors (8192K)
 Metaspace       used 12487K, committed 12736K, reserved 1114112K
  class space    used 1233K, committed 1344K, reserved 1048576K
}
Event: 1.226 GC heap before
{Heap before GC invocations=12 (full 3):
 garbage-first heap   total reserved 4194304K, committed 145408K, used 113621K [0x0000000700000000, 0x0000000800000000)
  region size 2048K, 42 young (86016K), 4 survivors (8192K)
 Metaspace       used 12553K, committed 12800K, reserved 1114112K
  class space    used 1237K, committed 1344K, reserved 1048576K
}
Event: 1.228 GC heap after
{Heap after GC invocations=13 (full 3):
 garbage-first heap   total reserved 4194304K, committed 176128K, used 33268K [0x0000000700000000, 0x0000000800000000)
  region size 2048K, 4 young (8192K), 4 survivors (8192K)
 Metaspace       used 12553K, committed 12800K, reserved 1114112K
  class space    used 1237K, committed 1344K, reserved 1048576K
}
Event: 1.335 GC heap before
{Heap before GC invocations=13 (full 3):
 garbage-first heap   total reserved 4194304K, committed 176128K, used 135668K [0x0000000700000000, 0x0000000800000000)
  region size 2048K, 51 young (104448K), 4 survivors (8192K)
 Metaspace       used 12683K, committed 12928K, reserved 1114112K
  class space    used 1245K, committed 1344K, reserved 1048576K
}
Event: 1.337 GC heap after
{Heap after GC invocations=14 (full 3):
 garbage-first heap   total reserved 4194304K, committed 176128K, used 31992K [0x0000000700000000, 0x0000000800000000)
  region size 2048K, 4 young (8192K), 4 survivors (8192K)
 Metaspace       used 12683K, committed 12928K, reserved 1114112K
  class space    used 1245K, committed 1344K, reserved 1048576K
}
Event: 1.388 GC heap before
{Heap before GC invocations=14 (full 3):
 garbage-first heap   total reserved 4194304K, committed 176128K, used 107768K [0x0000000700000000, 0x0000000800000000)
  region size 2048K, 41 young (83968K), 4 survivors (8192K)
 Metaspace       used 13342K, committed 13568K, reserved 1114112K
  class space    used 1328K, committed 1408K, reserved 1048576K
}
Event: 1.397 GC heap after
{Heap after GC invocations=15 (full 4):
 garbage-first heap   total reserved 4194304K, committed 61440K, used 14785K [0x0000000700000000, 0x0000000800000000)
  region size 2048K, 0 young (0K), 0 survivors (0K)
 Metaspace       used 13342K, committed 13568K, reserved 1114112K
  class space    used 1328K, committed 1408K, reserved 1048576K
}

